INFO:root:Inference Time: 0.9954319000244141
INFO:root:('MSE: ', '0.07724368572235107', ' MAE: ', '0.07069361954927444')
INFO:root:CONV. ZEROS: 0
INFO:root:CONV. WEIGHTS: 37200
INFO:root:CONV. RATIO: 0.0
INFO:root:
INFO:root:DENSE ZEROS: 1
INFO:root:DENSE WEIGHTS: 30669824
INFO:root:DENSE RATIO: 3.2605338719909185e-08
INFO:root:
INFO:root:TOTAL ZEROS: 37200
INFO:root:TOTAL WEIGHTS: 30708249
INFO:root:TOTAL RATIO: 0.0012114008844984943
INFO:root:Inference Time: 0.9989869594573975
INFO:root:('MSE: ', '0.07724368572235107', ' MAE: ', '0.07069361954927444')
INFO:root:CONV. ZEROS: 0
INFO:root:CONV. WEIGHTS: 37200
INFO:root:CONV. RATIO: 0.0
INFO:root:
INFO:root:DENSE ZEROS: 1
INFO:root:DENSE WEIGHTS: 30669824
INFO:root:DENSE RATIO: 3.2605338719909185e-08
INFO:root:
INFO:root:TOTAL ZEROS: 37200
INFO:root:TOTAL WEIGHTS: 30708249
INFO:root:TOTAL RATIO: 0.0012114008844984943
INFO:root:Inference Time: 3.9535491466522217
INFO:root:('MSE: ', '0.09552894532680511', ' MAE: ', '0.07897350937128067')
INFO:root:CONV. ZEROS: 0
INFO:root:CONV. WEIGHTS: 37200
INFO:root:CONV. RATIO: 0.0
INFO:root:
INFO:root:DENSE ZEROS: 1
INFO:root:DENSE WEIGHTS: 30669824
INFO:root:DENSE RATIO: 3.2605338719909185e-08
INFO:root:
INFO:root:TOTAL ZEROS: 37200
INFO:root:TOTAL WEIGHTS: 30708249
INFO:root:TOTAL RATIO: 0.0012114008844984943
INFO:root:Inference Time: 6.621789932250977
INFO:root:('MSE: ', '0.05339192971587181', ' MAE: ', '0.05576949194073677')
INFO:root:CONV. ZEROS: 0
INFO:root:CONV. WEIGHTS: 37200
INFO:root:CONV. RATIO: 0.0
INFO:root:
INFO:root:DENSE ZEROS: 1
INFO:root:DENSE WEIGHTS: 30669824
INFO:root:DENSE RATIO: 3.2605338719909185e-08
INFO:root:
INFO:root:TOTAL ZEROS: 37200
INFO:root:TOTAL WEIGHTS: 30708249
INFO:root:TOTAL RATIO: 0.0012114008844984943
INFO:root:Inference Time: 6.307910919189453
INFO:root:('MSE: ', '0.05998474359512329', ' MAE: ', '0.05955599620938301')
INFO:root:CONV. ZEROS: 0
INFO:root:CONV. WEIGHTS: 37200
INFO:root:CONV. RATIO: 0.0
INFO:root:
INFO:root:DENSE ZEROS: 1
INFO:root:DENSE WEIGHTS: 30669824
INFO:root:DENSE RATIO: 3.2605338719909185e-08
INFO:root:
INFO:root:TOTAL ZEROS: 37200
INFO:root:TOTAL WEIGHTS: 30708249
INFO:root:TOTAL RATIO: 0.0012114008844984943
INFO:root:Inference Time: 0.9992477893829346
INFO:root:('MSE: ', '0.07724368572235107', ' MAE: ', '0.07069361954927444')
INFO:root:CONV. ZEROS: 0
INFO:root:CONV. WEIGHTS: 37200
INFO:root:CONV. RATIO: 0.0
INFO:root:
INFO:root:DENSE ZEROS: 1
INFO:root:DENSE WEIGHTS: 30669824
INFO:root:DENSE RATIO: 3.2605338719909185e-08
INFO:root:
INFO:root:TOTAL ZEROS: 37200
INFO:root:TOTAL WEIGHTS: 30708249
INFO:root:TOTAL RATIO: 0.0012114008844984943
