INFO:root:Inference Time: 1.008592128753662
INFO:root:('MSE: ', '0.11756008118391037', ' MAE: ', '0.09266550838947296')
INFO:root:CONV. ZEROS: 0
INFO:root:CONV. WEIGHTS: 37200
INFO:root:CONV. RATIO: 0.0
INFO:root:
INFO:root:DENSE ZEROS: 1
INFO:root:DENSE WEIGHTS: 30669824
INFO:root:DENSE RATIO: 3.2605338719909185e-08
INFO:root:
INFO:root:TOTAL ZEROS: 37200
INFO:root:TOTAL WEIGHTS: 30708249
INFO:root:TOTAL RATIO: 0.0012114008844984943
INFO:root:Inference Time: 6.122696876525879
INFO:root:('MSE: ', '0.08525562286376953', ' MAE: ', '0.07726285606622696')
INFO:root:CONV. ZEROS: 0
INFO:root:CONV. WEIGHTS: 37200
INFO:root:CONV. RATIO: 0.0
INFO:root:
INFO:root:DENSE ZEROS: 1
INFO:root:DENSE WEIGHTS: 30669824
INFO:root:DENSE RATIO: 3.2605338719909185e-08
INFO:root:
INFO:root:TOTAL ZEROS: 37200
INFO:root:TOTAL WEIGHTS: 30708249
INFO:root:TOTAL RATIO: 0.0012114008844984943
INFO:root:Inference Time: 6.101434230804443
INFO:root:('MSE: ', '0.08525562286376953', ' MAE: ', '0.07726285606622696')
INFO:root:CONV. ZEROS: 0
INFO:root:CONV. WEIGHTS: 37200
INFO:root:CONV. RATIO: 0.0
INFO:root:
INFO:root:DENSE ZEROS: 1
INFO:root:DENSE WEIGHTS: 30669824
INFO:root:DENSE RATIO: 3.2605338719909185e-08
INFO:root:
INFO:root:TOTAL ZEROS: 37200
INFO:root:TOTAL WEIGHTS: 30708249
INFO:root:TOTAL RATIO: 0.0012114008844984943
INFO:root:Inference Time: 6.049890041351318
INFO:root:('MSE: ', '0.08525562286376953', ' MAE: ', '0.07726285606622696')
INFO:root:CONV. ZEROS: 0
INFO:root:CONV. WEIGHTS: 37200
INFO:root:CONV. RATIO: 0.0
INFO:root:
INFO:root:DENSE ZEROS: 1
INFO:root:DENSE WEIGHTS: 30669824
INFO:root:DENSE RATIO: 3.2605338719909185e-08
INFO:root:
INFO:root:TOTAL ZEROS: 37200
INFO:root:TOTAL WEIGHTS: 30708249
INFO:root:TOTAL RATIO: 0.0012114008844984943
INFO:root:Inference Time: 6.041144132614136
INFO:root:('MSE: ', '0.08525562286376953', ' MAE: ', '0.07726285606622696')
INFO:root:CONV. ZEROS: 0
INFO:root:CONV. WEIGHTS: 37200
INFO:root:CONV. RATIO: 0.0
INFO:root:
INFO:root:DENSE ZEROS: 1
INFO:root:DENSE WEIGHTS: 30669824
INFO:root:DENSE RATIO: 3.2605338719909185e-08
INFO:root:
INFO:root:TOTAL ZEROS: 37200
INFO:root:TOTAL WEIGHTS: 30708249
INFO:root:TOTAL RATIO: 0.0012114008844984943
INFO:root:Inference Time: 6.038994073867798
INFO:root:('MSE: ', '0.08525562286376953', ' MAE: ', '0.07726285606622696')
INFO:root:CONV. ZEROS: 0
INFO:root:CONV. WEIGHTS: 37200
INFO:root:CONV. RATIO: 0.0
INFO:root:
INFO:root:DENSE ZEROS: 1
INFO:root:DENSE WEIGHTS: 30669824
INFO:root:DENSE RATIO: 3.2605338719909185e-08
INFO:root:
INFO:root:TOTAL ZEROS: 37200
INFO:root:TOTAL WEIGHTS: 30708249
INFO:root:TOTAL RATIO: 0.0012114008844984943
INFO:root:Inference Time: 6.036628007888794
INFO:root:('MSE: ', '0.08525562286376953', ' MAE: ', '0.07726285606622696')
INFO:root:CONV. ZEROS: 0
INFO:root:CONV. WEIGHTS: 37200
INFO:root:CONV. RATIO: 0.0
INFO:root:
INFO:root:DENSE ZEROS: 1
INFO:root:DENSE WEIGHTS: 30669824
INFO:root:DENSE RATIO: 3.2605338719909185e-08
INFO:root:
INFO:root:TOTAL ZEROS: 37200
INFO:root:TOTAL WEIGHTS: 30708249
INFO:root:TOTAL RATIO: 0.0012114008844984943
INFO:root:('MAE: ', '532941.4449696321', ' SAE: ', '4263531559.7570567')
INFO:root:Inference Time: 6.0668439865112305
INFO:root:('MSE: ', '0.08525562286376953', ' MAE: ', '0.07726285606622696')
INFO:root:CONV. ZEROS: 0
INFO:root:CONV. WEIGHTS: 37200
INFO:root:CONV. RATIO: 0.0
INFO:root:
INFO:root:DENSE ZEROS: 1
INFO:root:DENSE WEIGHTS: 30669824
INFO:root:DENSE RATIO: 3.2605338719909185e-08
INFO:root:
INFO:root:TOTAL ZEROS: 37200
INFO:root:TOTAL WEIGHTS: 30708249
INFO:root:TOTAL RATIO: 0.0012114008844984943
INFO:root:('Model values - MAE: ', '708.6644913609779', ' SAE: ', '5669315.930887823')
INFO:root:('Real values - MAE: ', '532941.4449696321', ' SAE: ', '4263531559.7570567')
