INFO:root:Inference Time: 1.0033349990844727
INFO:root:('MSE: ', '0.10008229315280914', ' MAE: ', '0.22750729322433472')
INFO:root:CONV. ZEROS: 0
INFO:root:CONV. WEIGHTS: 37200
INFO:root:CONV. RATIO: 0.0
INFO:root:
INFO:root:DENSE ZEROS: 1
INFO:root:DENSE WEIGHTS: 30669824
INFO:root:DENSE RATIO: 3.2605338719909185e-08
INFO:root:
INFO:root:TOTAL ZEROS: 37200
INFO:root:TOTAL WEIGHTS: 30708249
INFO:root:TOTAL RATIO: 0.0012114008844984943
INFO:root:Inference Time: 1.0124080181121826
INFO:root:('MSE: ', '0.10008229315280914', ' MAE: ', '0.22750729322433472')
INFO:root:CONV. ZEROS: 0
INFO:root:CONV. WEIGHTS: 37200
INFO:root:CONV. RATIO: 0.0
INFO:root:
INFO:root:DENSE ZEROS: 1
INFO:root:DENSE WEIGHTS: 30669824
INFO:root:DENSE RATIO: 3.2605338719909185e-08
INFO:root:
INFO:root:TOTAL ZEROS: 37200
INFO:root:TOTAL WEIGHTS: 30708249
INFO:root:TOTAL RATIO: 0.0012114008844984943
INFO:root:Inference Time: 0.9953138828277588
INFO:root:('MSE: ', '0.10008229315280914', ' MAE: ', '0.22750729322433472')
INFO:root:CONV. ZEROS: 0
INFO:root:CONV. WEIGHTS: 37200
INFO:root:CONV. RATIO: 0.0
INFO:root:
INFO:root:DENSE ZEROS: 1
INFO:root:DENSE WEIGHTS: 30669824
INFO:root:DENSE RATIO: 3.2605338719909185e-08
INFO:root:
INFO:root:TOTAL ZEROS: 37200
INFO:root:TOTAL WEIGHTS: 30708249
INFO:root:TOTAL RATIO: 0.0012114008844984943
